{"total": {"lines":{"total":404,"covered":389,"skipped":0,"pct":96.28},"statements":{"total":404,"covered":389,"skipped":0,"pct":96.28},"functions":{"total":13,"covered":13,"skipped":0,"pct":100},"branches":{"total":90,"covered":88,"skipped":0,"pct":97.77},"branchesTrue":{"total":0,"covered":0,"skipped":0,"pct":"Unknown"}}
,"E:\\codingfolder\\SQE_Project\\Sportivex\\backend\\src\\utils\\gymCalculation.js": {"lines":{"total":11,"covered":11,"skipped":0,"pct":100},"functions":{"total":1,"covered":1,"skipped":0,"pct":100},"statements":{"total":11,"covered":11,"skipped":0,"pct":100},"branches":{"total":5,"covered":5,"skipped":0,"pct":100}}
,"E:\\codingfolder\\SQE_Project\\Sportivex\\backend\\src\\utils\\swimmingValidation.js": {"lines":{"total":245,"covered":245,"skipped":0,"pct":100},"functions":{"total":7,"covered":7,"skipped":0,"pct":100},"statements":{"total":245,"covered":245,"skipped":0,"pct":100},"branches":{"total":63,"covered":63,"skipped":0,"pct":100}}
,"E:\\codingfolder\\SQE_Project\\Sportivex\\backend\\src\\utils\\timeSlotDetermination.js": {"lines":{"total":148,"covered":133,"skipped":0,"pct":89.86},"functions":{"total":5,"covered":5,"skipped":0,"pct":100},"statements":{"total":148,"covered":133,"skipped":0,"pct":89.86},"branches":{"total":22,"covered":20,"skipped":0,"pct":90.9}}
}
